

Microchip MPLAB XC8 Assembler V3.10 build 20250813170317 
                                                                                               Wed Mar  4 17:38:37 2026

Microchip MPLAB XC8 C Compiler v3.10 (Free license) build 20250813170317 Og1 
     1                           	processor	16F887
     2                           	pagewidth 120
     3                           	opt	flic
     4                           	psect	strings,global,class=STRING,space=0,delta=2,noexec
     5                           	psect	cinit,global,class=CODE,space=0,merge=1,delta=2
     6                           	psect	bssBANK0,global,class=BANK0,space=1,delta=1,noexec
     7                           	psect	cstackCOMMON,global,class=COMMON,space=1,delta=1,noexec
     8                           	psect	cstackBANK0,global,class=BANK0,space=1,delta=1,noexec
     9                           	psect	maintext,global,class=CODE,space=0,split=1,delta=2
    10                           	psect	text1,local,class=CODE,space=0,merge=1,delta=2,group=1
    11                           	psect	text2,local,class=CODE,space=0,merge=1,delta=2,group=1
    12                           	psect	config,global,abs,ovrld,class=CONFIG,space=4,delta=2,noexec
    13                           	dabs	1,0x7E,2
    14     0000                     
    15                           ; Generated 26/03/2025 GMT
    16                           ; 
    17                           ; Copyright © 2025, Microchip Technology Inc. and its subsidiaries ("Microchip")
    18                           ; All rights reserved.
    19                           ; 
    20                           ; This software is developed by Microchip Technology Inc. and its subsidiaries ("Microch
      +                          ip").
    21                           ; 
    22                           ; Redistribution and use in source and binary forms, with or without modification, are
    23                           ; permitted provided that the following conditions are met:
    24                           ; 
    25                           ;     1. Redistributions of source code must retain the above copyright notice, this lis
      +                          t of
    26                           ;        conditions and the following disclaimer.
    27                           ; 
    28                           ;     2. Redistributions in binary form must reproduce the above copyright notice, this 
      +                          list
    29                           ;        of conditions and the following disclaimer in the documentation and/or other
    30                           ;        materials provided with the distribution. Publication is not required when
    31                           ;        this file is used in an embedded application.
    32                           ; 
    33                           ;     3. Microchip's name may not be used to endorse or promote products derived from th
      +                          is
    34                           ;        software without specific prior written permission.
    35                           ; 
    36                           ; THIS SOFTWARE IS PROVIDED BY MICROCHIP "AS IS" AND ANY EXPRESS OR IMPLIED WARRANTIES,
    37                           ; INCLUDING, BUT NOT LIMITED TO, THE IMPLIED WARRANTIES OF MERCHANTABILITY AND FITNESS F
      +                          OR
    38                           ; PURPOSE ARE DISCLAIMED.  IN NO EVENT SHALL MICROCHIP BE LIABLE FOR ANY DIRECT, INDIREC
      +                          T,
    39                           ; INCIDENTAL, SPECIAL, EXEMPLARY, OR CONSEQUENTIAL DAMAGES (INCLUDING BUT NOT LIMITED TO
    40                           ; PROCUREMENT OF SUBSTITUTE GOODS OR SERVICES; LOSS OF USE, DATA OR PROFITS; OR BUSINESS
    41                           ; INTERRUPTION) HOWSOEVER CAUSED AND ON ANY THEORY OF LIABILITY, WHETHER IN CONTRACT, ST
      +                          RICT
    42                           ; LIABILITY, OR TORT (INCLUDING NEGLIGENCE OR OTHERWISE) ARISING IN ANY WAY OUT OF THE U
      +                          SE OF
    43                           ; THIS SOFTWARE, EVEN IF ADVISED OF THE POSSIBILITY OF SUCH DAMAGE.
    44                           ; 
    45                           ; 
    46                           ; Code-generator required, PIC16F887 Definitions
    47                           ; 
    48                           ; SFR Addresses
    49     0004                     fsr             equ	4
    50     0004                     fsr0            equ	4
    51     0000                     indf            equ	0
    52     0000                     indf0           equ	0
    53     0002                     pc              equ	2
    54     0002                     pcl             equ	2
    55     000A                     pclath          equ	10
    56     0003                     status          equ	3
    57     0000                     INDF            equ	0	;# 
    58     0001                     TMR0            equ	1	;# 
    59     0002                     PCL             equ	2	;# 
    60     0003                     STATUS          equ	3	;# 
    61     0004                     FSR             equ	4	;# 
    62     0005                     PORTA           equ	5	;# 
    63     0006                     PORTB           equ	6	;# 
    64     0007                     PORTC           equ	7	;# 
    65     0008                     PORTD           equ	8	;# 
    66     0009                     PORTE           equ	9	;# 
    67     000A                     PCLATH          equ	10	;# 
    68     000B                     INTCON          equ	11	;# 
    69     000C                     PIR1            equ	12	;# 
    70     000D                     PIR2            equ	13	;# 
    71     000E                     TMR1            equ	14	;# 
    72     000E                     TMR1L           equ	14	;# 
    73     000F                     TMR1H           equ	15	;# 
    74     0010                     T1CON           equ	16	;# 
    75     0011                     TMR2            equ	17	;# 
    76     0012                     T2CON           equ	18	;# 
    77     0013                     SSPBUF          equ	19	;# 
    78     0014                     SSPCON          equ	20	;# 
    79     0015                     CCPR1           equ	21	;# 
    80     0015                     CCPR1L          equ	21	;# 
    81     0016                     CCPR1H          equ	22	;# 
    82     0017                     CCP1CON         equ	23	;# 
    83     0018                     RCSTA           equ	24	;# 
    84     0019                     TXREG           equ	25	;# 
    85     001A                     RCREG           equ	26	;# 
    86     001B                     CCPR2           equ	27	;# 
    87     001B                     CCPR2L          equ	27	;# 
    88     001C                     CCPR2H          equ	28	;# 
    89     001D                     CCP2CON         equ	29	;# 
    90     001E                     ADRESH          equ	30	;# 
    91     001F                     ADCON0          equ	31	;# 
    92     0081                     OPTION_REG      equ	129	;# 
    93     0085                     TRISA           equ	133	;# 
    94     0086                     TRISB           equ	134	;# 
    95     0087                     TRISC           equ	135	;# 
    96     0088                     TRISD           equ	136	;# 
    97     0089                     TRISE           equ	137	;# 
    98     008C                     PIE1            equ	140	;# 
    99     008D                     PIE2            equ	141	;# 
   100     008E                     PCON            equ	142	;# 
   101     008F                     OSCCON          equ	143	;# 
   102     0090                     OSCTUNE         equ	144	;# 
   103     0091                     SSPCON2         equ	145	;# 
   104     0092                     PR2             equ	146	;# 
   105     0093                     SSPADD          equ	147	;# 
   106     0093                     SSPMSK          equ	147	;# 
   107     0093                     MSK             equ	147	;# 
   108     0094                     SSPSTAT         equ	148	;# 
   109     0095                     WPUB            equ	149	;# 
   110     0096                     IOCB            equ	150	;# 
   111     0097                     VRCON           equ	151	;# 
   112     0098                     TXSTA           equ	152	;# 
   113     0099                     SPBRG           equ	153	;# 
   114     009A                     SPBRGH          equ	154	;# 
   115     009B                     PWM1CON         equ	155	;# 
   116     009C                     ECCPAS          equ	156	;# 
   117     009D                     PSTRCON         equ	157	;# 
   118     009E                     ADRESL          equ	158	;# 
   119     009F                     ADCON1          equ	159	;# 
   120     0105                     WDTCON          equ	261	;# 
   121     0107                     CM1CON0         equ	263	;# 
   122     0108                     CM2CON0         equ	264	;# 
   123     0109                     CM2CON1         equ	265	;# 
   124     010C                     EEDATA          equ	268	;# 
   125     010C                     EEDAT           equ	268	;# 
   126     010D                     EEADR           equ	269	;# 
   127     010E                     EEDATH          equ	270	;# 
   128     010F                     EEADRH          equ	271	;# 
   129     0185                     SRCON           equ	389	;# 
   130     0187                     BAUDCTL         equ	391	;# 
   131     0188                     ANSEL           equ	392	;# 
   132     0189                     ANSELH          equ	393	;# 
   133     018C                     EECON1          equ	396	;# 
   134     018D                     EECON2          equ	397	;# 
   135     0000                     INDF            equ	0	;# 
   136     0001                     TMR0            equ	1	;# 
   137     0002                     PCL             equ	2	;# 
   138     0003                     STATUS          equ	3	;# 
   139     0004                     FSR             equ	4	;# 
   140     0005                     PORTA           equ	5	;# 
   141     0006                     PORTB           equ	6	;# 
   142     0007                     PORTC           equ	7	;# 
   143     0008                     PORTD           equ	8	;# 
   144     0009                     PORTE           equ	9	;# 
   145     000A                     PCLATH          equ	10	;# 
   146     000B                     INTCON          equ	11	;# 
   147     000C                     PIR1            equ	12	;# 
   148     000D                     PIR2            equ	13	;# 
   149     000E                     TMR1            equ	14	;# 
   150     000E                     TMR1L           equ	14	;# 
   151     000F                     TMR1H           equ	15	;# 
   152     0010                     T1CON           equ	16	;# 
   153     0011                     TMR2            equ	17	;# 
   154     0012                     T2CON           equ	18	;# 
   155     0013                     SSPBUF          equ	19	;# 
   156     0014                     SSPCON          equ	20	;# 
   157     0015                     CCPR1           equ	21	;# 
   158     0015                     CCPR1L          equ	21	;# 
   159     0016                     CCPR1H          equ	22	;# 
   160     0017                     CCP1CON         equ	23	;# 
   161     0018                     RCSTA           equ	24	;# 
   162     0019                     TXREG           equ	25	;# 
   163     001A                     RCREG           equ	26	;# 
   164     001B                     CCPR2           equ	27	;# 
   165     001B                     CCPR2L          equ	27	;# 
   166     001C                     CCPR2H          equ	28	;# 
   167     001D                     CCP2CON         equ	29	;# 
   168     001E                     ADRESH          equ	30	;# 
   169     001F                     ADCON0          equ	31	;# 
   170     0081                     OPTION_REG      equ	129	;# 
   171     0085                     TRISA           equ	133	;# 
   172     0086                     TRISB           equ	134	;# 
   173     0087                     TRISC           equ	135	;# 
   174     0088                     TRISD           equ	136	;# 
   175     0089                     TRISE           equ	137	;# 
   176     008C                     PIE1            equ	140	;# 
   177     008D                     PIE2            equ	141	;# 
   178     008E                     PCON            equ	142	;# 
   179     008F                     OSCCON          equ	143	;# 
   180     0090                     OSCTUNE         equ	144	;# 
   181     0091                     SSPCON2         equ	145	;# 
   182     0092                     PR2             equ	146	;# 
   183     0093                     SSPADD          equ	147	;# 
   184     0093                     SSPMSK          equ	147	;# 
   185     0093                     MSK             equ	147	;# 
   186     0094                     SSPSTAT         equ	148	;# 
   187     0095                     WPUB            equ	149	;# 
   188     0096                     IOCB            equ	150	;# 
   189     0097                     VRCON           equ	151	;# 
   190     0098                     TXSTA           equ	152	;# 
   191     0099                     SPBRG           equ	153	;# 
   192     009A                     SPBRGH          equ	154	;# 
   193     009B                     PWM1CON         equ	155	;# 
   194     009C                     ECCPAS          equ	156	;# 
   195     009D                     PSTRCON         equ	157	;# 
   196     009E                     ADRESL          equ	158	;# 
   197     009F                     ADCON1          equ	159	;# 
   198     0105                     WDTCON          equ	261	;# 
   199     0107                     CM1CON0         equ	263	;# 
   200     0108                     CM2CON0         equ	264	;# 
   201     0109                     CM2CON1         equ	265	;# 
   202     010C                     EEDATA          equ	268	;# 
   203     010C                     EEDAT           equ	268	;# 
   204     010D                     EEADR           equ	269	;# 
   205     010E                     EEDATH          equ	270	;# 
   206     010F                     EEADRH          equ	271	;# 
   207     0185                     SRCON           equ	389	;# 
   208     0187                     BAUDCTL         equ	391	;# 
   209     0188                     ANSEL           equ	392	;# 
   210     0189                     ANSELH          equ	393	;# 
   211     018C                     EECON1          equ	396	;# 
   212     018D                     EECON2          equ	397	;# 
   213                           
   214                           	psect	strings
   215     0003                     __pstrings:
   216     0003                     stringtab:
   217     0003                     __stringtab:
   218     0003                     stringcode:	
   219                           ;	String table - string pointers are 1 byte each
   220                           
   221     0003                     stringdir:
   222     0003  3000               	movlw	high stringdir
   223     0004  008A               	movwf	10
   224     0005  0804               	movf	4,w
   225     0006  0A84               	incf	4,f
   226     0007  0782               	addwf	2,f
   227     0008                     __stringbase:
   228     0008  3400               	retlw	0
   229     0009                     __end_of__stringtab:
   230     0009                     _table:
   231     0009  34C0               	retlw	192
   232     000A  34F9               	retlw	249
   233     000B  34A4               	retlw	164
   234     000C  34B0               	retlw	176
   235     000D  3499               	retlw	153
   236     000E  3492               	retlw	146
   237     000F  3482               	retlw	130
   238     0010  34F8               	retlw	248
   239     0011  3480               	retlw	128
   240     0012  3490               	retlw	144
   241     0013  3488               	retlw	136
   242     0014  3483               	retlw	131
   243     0015  34C6               	retlw	198
   244     0016  34A1               	retlw	161
   245     0017  3486               	retlw	134
   246     0018  348E               	retlw	142
   247     0019                     __end_of_table:
   248     0008                     _PORTD          set	8
   249     0006                     _PORTB          set	6
   250     0005                     _PORTAbits      set	5
   251     0088                     _TRISD          set	136
   252     0085                     _TRISA          set	133
   253     0086                     _TRISB          set	134
   254     009F                     _ADCON1         set	159
   255                           
   256                           	psect	cinit
   257     07F9                     start_initialization:	
   258                           ; #config settings
   259                           
   260     07F9                     __initialization:
   261                           
   262                           ; Clear objects allocated to BANK0
   263     07F9  1283               	bcf	3,5	;RP0=0, select bank0
   264     07FA  1303               	bcf	3,6	;RP1=0, select bank0
   265     07FB  01A6               	clrf	__pbssBANK0& (0+127)
   266     07FC                     end_of_initialization:	
   267                           ;End of C runtime variable initialization code
   268                           
   269     07FC                     __end_of__initialization:
   270     07FC  0183               	clrf	3
   271     07FD  120A  118A  2EC2   	ljmp	_main	;jump to C main() function
   272                           
   273                           	psect	bssBANK0
   274     0026                     __pbssBANK0:
   275     0026                     _modo:
   276     0026                     	ds	1
   277                           
   278                           	psect	cstackCOMMON
   279     0070                     __pcstackCOMMON:
   280     0070                     ?_main:
   281     0070                     ?___awmod:	
   282                           ; 1 bytes @ 0x0
   283                           
   284     0070                     ___awmod@divisor:	
   285                           ; 2 bytes @ 0x0
   286                           
   287                           
   288                           ; 2 bytes @ 0x0
   289     0070                     	ds	2
   290     0072                     ___awmod@dividend:
   291                           
   292                           ; 2 bytes @ 0x2
   293     0072                     	ds	2
   294     0074                     ___awmod@counter:
   295     0074                     ??___awmod:	
   296                           ; 1 bytes @ 0x4
   297                           
   298                           
   299                           ; 1 bytes @ 0x4
   300     0074                     	ds	1
   301     0075                     ___awmod@sign:
   302                           
   303                           ; 1 bytes @ 0x5
   304     0075                     	ds	1
   305     0076                     ?___awdiv:
   306     0076                     ___awdiv@divisor:	
   307                           ; 2 bytes @ 0x6
   308                           
   309                           
   310                           ; 2 bytes @ 0x6
   311     0076                     	ds	2
   312     0078                     ___awdiv@dividend:
   313                           
   314                           ; 2 bytes @ 0x8
   315     0078                     	ds	2
   316     007A                     ___awdiv@counter:
   317     007A                     ??___awdiv:	
   318                           ; 1 bytes @ 0xA
   319                           
   320                           
   321                           ; 1 bytes @ 0xA
   322     007A                     	ds	1
   323     007B                     ___awdiv@sign:
   324                           
   325                           ; 1 bytes @ 0xB
   326     007B                     	ds	1
   327     007C                     ___awdiv@quotient:
   328                           
   329                           ; 2 bytes @ 0xC
   330     007C                     	ds	2
   331                           
   332                           	psect	cstackBANK0
   333     0020                     __pcstackBANK0:
   334     0020                     ??_main:
   335                           
   336                           ; 1 bytes @ 0x0
   337     0020                     	ds	2
   338     0022                     main@d2:
   339                           
   340                           ; 1 bytes @ 0x2
   341     0022                     	ds	1
   342     0023                     main@d1:
   343                           
   344                           ; 1 bytes @ 0x3
   345     0023                     	ds	1
   346     0024                     main@d3:
   347                           
   348                           ; 1 bytes @ 0x4
   349     0024                     	ds	1
   350     0025                     main@valor:
   351                           
   352                           ; 1 bytes @ 0x5
   353     0025                     	ds	1
   354                           
   355                           	psect	maintext
   356     06C2                     __pmaintext:	
   357 ;;
   358 ;;Main: autosize = 0, tempsize = 2, incstack = 0, save=0
   359 ;;
   360 ;; *************** function _main *****************
   361 ;; Defined at:
   362 ;;		line 16 in file "main.c"
   363 ;; Parameters:    Size  Location     Type
   364 ;;		None
   365 ;; Auto vars:     Size  Location     Type
   366 ;;  valor           1    5[BANK0 ] unsigned char 
   367 ;;  d3              1    4[BANK0 ] unsigned char 
   368 ;;  d1              1    3[BANK0 ] unsigned char 
   369 ;;  d2              1    2[BANK0 ] unsigned char 
   370 ;; Return value:  Size  Location     Type
   371 ;;                  1    wreg      void 
   372 ;; Registers used:
   373 ;;		wreg, fsr0l, fsr0h, status,2, status,0, pclath, cstack
   374 ;; Tracked objects:
   375 ;;		On entry : B00/0
   376 ;;		On exit  : 0/0
   377 ;;		Unchanged: 0/0
   378 ;; Data sizes:     COMMON   BANK0   BANK1   BANK3   BANK2
   379 ;;      Params:         0       0       0       0       0
   380 ;;      Locals:         0       4       0       0       0
   381 ;;      Temps:          0       2       0       0       0
   382 ;;      Totals:         0       6       0       0       0
   383 ;;Total ram usage:        6 bytes
   384 ;; Hardware stack levels required when called: 1
   385 ;; This function calls:
   386 ;;		___awdiv
   387 ;;		___awmod
   388 ;; This function is called by:
   389 ;;		Startup code after reset
   390 ;; This function uses a non-reentrant model
   391 ;;
   392                           
   393     06C2                     _main:	
   394                           ;psect for function _main
   395                           
   396     06C2                     l822:	
   397                           ;incstack = 0
   398                           ; Regs used in _main: [wreg-fsr0h+status,2+status,0+pclath+cstack]
   399                           
   400                           
   401                           ;main.c: 17: 
   402     06C2  3006               	movlw	6
   403     06C3  1683               	bsf	3,5	;RP0=1, select bank1
   404     06C4  1303               	bcf	3,6	;RP1=0, select bank1
   405     06C5  009F               	movwf	31	;volatile
   406                           
   407                           ;main.c: 18:     while(1) {
   408     06C6  30FF               	movlw	255
   409     06C7  0086               	movwf	6	;volatile
   410                           
   411                           ;main.c: 19: 
   412     06C8  3008               	movlw	8
   413     06C9  0085               	movwf	5	;volatile
   414     06CA                     l824:
   415                           
   416                           ;main.c: 20:         if(PORTAbits.RA3 == 1) {
   417     06CA  0188               	clrf	8	;volatile
   418     06CB                     l826:
   419                           
   420                           ;main.c: 26:             }
   421     06CB  1283               	bcf	3,5	;RP0=0, select bank0
   422     06CC  1303               	bcf	3,6	;RP1=0, select bank0
   423     06CD  1D85               	btfss	5,3	;volatile
   424     06CE  2ED0               	goto	u481
   425     06CF  2ED1               	goto	u480
   426     06D0                     u481:
   427     06D0  2EEF               	goto	l838
   428     06D1                     u480:
   429     06D1                     l828:
   430                           
   431                           ;main.c: 27:         }
   432     06D1  3041               	movlw	65
   433     06D2  1283               	bcf	3,5	;RP0=0, select bank0
   434     06D3  1303               	bcf	3,6	;RP1=0, select bank0
   435     06D4  00A1               	movwf	??_main+1
   436     06D5  30ED               	movlw	237
   437     06D6  00A0               	movwf	??_main
   438     06D7                     u577:
   439     06D7  0BA0               	decfsz	??_main,f
   440     06D8  2ED7               	goto	u577
   441     06D9  0BA1               	decfsz	??_main+1,f
   442     06DA  2ED7               	goto	u577
   443     06DB  2EDC               	nop2
   444     06DC                     l830:
   445                           
   446                           ;main.c: 28: 
   447     06DC  1283               	bcf	3,5	;RP0=0, select bank0
   448     06DD  1303               	bcf	3,6	;RP1=0, select bank0
   449     06DE  1D85               	btfss	5,3	;volatile
   450     06DF  2EE1               	goto	u491
   451     06E0  2EE2               	goto	u490
   452     06E1                     u491:
   453     06E1  2EEF               	goto	l838
   454     06E2                     u490:
   455     06E2                     l832:
   456                           
   457                           ;main.c: 29:         valor = PORTB;
   458     06E2  3001               	movlw	1
   459     06E3  07A6               	addwf	_modo,f
   460     06E4                     l834:
   461                           
   462                           ;main.c: 30: 
   463     06E4  3003               	movlw	3
   464     06E5  0226               	subwf	_modo,w
   465     06E6  1C03               	skipc
   466     06E7  2EE9               	goto	u501
   467     06E8  2EEA               	goto	u500
   468     06E9                     u501:
   469     06E9  2EEB               	goto	l29
   470     06EA                     u500:
   471     06EA                     l836:
   472     06EA  01A6               	clrf	_modo
   473     06EB                     l29:
   474     06EB  1985               	btfsc	5,3	;volatile
   475     06EC  2EEE               	goto	u511
   476     06ED  2EEF               	goto	u510
   477     06EE                     u511:
   478     06EE  2EEB               	goto	l29
   479     06EF                     u510:
   480     06EF                     l838:
   481                           
   482                           ;main.c: 35:             d1 = valor % 10;
   483     06EF  0806               	movf	6,w	;volatile
   484     06F0  00A5               	movwf	main@valor
   485     06F1                     l840:
   486                           
   487                           ;main.c: 38: 
   488     06F1  0826               	movf	_modo,w
   489     06F2  1D03               	btfss	3,2
   490     06F3  2EF5               	goto	u521
   491     06F4  2EF6               	goto	u520
   492     06F5                     u521:
   493     06F5  2F40               	goto	l844
   494     06F6                     u520:
   495     06F6                     l842:
   496                           
   497                           ;main.c: 39:             d3 = (valor / 64) % 8;
   498     06F6  3064               	movlw	100
   499     06F7  00F6               	movwf	___awdiv@divisor
   500     06F8  3000               	movlw	0
   501     06F9  00F7               	movwf	___awdiv@divisor+1
   502     06FA  0825               	movf	main@valor,w
   503     06FB  00A0               	movwf	??_main
   504     06FC  01A1               	clrf	??_main+1
   505     06FD  0820               	movf	??_main,w
   506     06FE  00F8               	movwf	___awdiv@dividend
   507     06FF  0821               	movf	??_main+1,w
   508     0700  00F9               	movwf	___awdiv@dividend+1
   509     0701  120A  118A  265F  120A  118A  	fcall	___awdiv
   510     0706  0876               	movf	?___awdiv,w
   511     0707  1283               	bcf	3,5	;RP0=0, select bank0
   512     0708  1303               	bcf	3,6	;RP1=0, select bank0
   513     0709  00A4               	movwf	main@d3
   514                           
   515                           ;main.c: 40:             d2 = (valor / 8) % 8;
   516     070A  300A               	movlw	10
   517     070B  00F6               	movwf	___awdiv@divisor
   518     070C  3000               	movlw	0
   519     070D  00F7               	movwf	___awdiv@divisor+1
   520     070E  0825               	movf	main@valor,w
   521     070F  00A0               	movwf	??_main
   522     0710  01A1               	clrf	??_main+1
   523     0711  0820               	movf	??_main,w
   524     0712  00F2               	movwf	___awmod@dividend
   525     0713  0821               	movf	??_main+1,w
   526     0714  00F3               	movwf	___awmod@dividend+1
   527     0715  3064               	movlw	100
   528     0716  00F0               	movwf	___awmod@divisor
   529     0717  3000               	movlw	0
   530     0718  00F1               	movwf	___awmod@divisor+1
   531     0719  120A  118A  2608  120A  118A  	fcall	___awmod
   532     071E  0871               	movf	?___awmod+1,w
   533     071F  00F9               	movwf	___awdiv@dividend+1
   534     0720  0870               	movf	?___awmod,w
   535     0721  00F8               	movwf	___awdiv@dividend
   536     0722  120A  118A  265F  120A  118A  	fcall	___awdiv
   537     0727  0876               	movf	?___awdiv,w
   538     0728  1283               	bcf	3,5	;RP0=0, select bank0
   539     0729  1303               	bcf	3,6	;RP1=0, select bank0
   540     072A  00A2               	movwf	main@d2
   541                           
   542                           ;main.c: 41:             d1 = valor % 8;
   543     072B  300A               	movlw	10
   544     072C  00F0               	movwf	___awmod@divisor
   545     072D  3000               	movlw	0
   546     072E  00F1               	movwf	___awmod@divisor+1
   547     072F  0825               	movf	main@valor,w
   548     0730  00A0               	movwf	??_main
   549     0731  01A1               	clrf	??_main+1
   550     0732  0820               	movf	??_main,w
   551     0733  00F2               	movwf	___awmod@dividend
   552     0734  0821               	movf	??_main+1,w
   553     0735  00F3               	movwf	___awmod@dividend+1
   554     0736  120A  118A  2608  120A  118A  	fcall	___awmod
   555     073B  0870               	movf	?___awmod,w
   556     073C  1283               	bcf	3,5	;RP0=0, select bank0
   557     073D  1303               	bcf	3,6	;RP1=0, select bank0
   558     073E  00A3               	movwf	main@d1
   559                           
   560                           ;main.c: 42:         }
   561     073F  2F90               	goto	l862
   562     0740                     l844:
   563     0740  0326               	decf	_modo,w
   564     0741  1D03               	btfss	3,2
   565     0742  2F44               	goto	u531
   566     0743  2F45               	goto	u530
   567     0744                     u531:
   568     0744  2F76               	goto	l34
   569     0745                     u530:
   570     0745                     l846:
   571                           
   572                           ;main.c: 45:             d3 = 16;
   573     0745  0825               	movf	main@valor,w
   574     0746  00A0               	movwf	??_main
   575     0747  01A1               	clrf	??_main+1
   576     0748  0820               	movf	??_main,w
   577     0749  00F8               	movwf	___awdiv@dividend
   578     074A  0821               	movf	??_main+1,w
   579     074B  00F9               	movwf	___awdiv@dividend+1
   580     074C  3040               	movlw	64
   581     074D  00F6               	movwf	___awdiv@divisor
   582     074E  3000               	movlw	0
   583     074F  00F7               	movwf	___awdiv@divisor+1
   584     0750  120A  118A  265F  120A  118A  	fcall	___awdiv
   585     0755  0876               	movf	?___awdiv,w
   586     0756  1283               	bcf	3,5	;RP0=0, select bank0
   587     0757  1303               	bcf	3,6	;RP1=0, select bank0
   588     0758  00A4               	movwf	main@d3
   589     0759                     l848:
   590     0759  3007               	movlw	7
   591     075A  05A4               	andwf	main@d3,f
   592     075B                     l850:
   593                           
   594                           ;main.c: 46:             d2 = valor / 16;
   595     075B  0825               	movf	main@valor,w
   596     075C  00A0               	movwf	??_main
   597     075D  01A1               	clrf	??_main+1
   598     075E  0820               	movf	??_main,w
   599     075F  00F8               	movwf	___awdiv@dividend
   600     0760  0821               	movf	??_main+1,w
   601     0761  00F9               	movwf	___awdiv@dividend+1
   602     0762  3008               	movlw	8
   603     0763  00F6               	movwf	___awdiv@divisor
   604     0764  3000               	movlw	0
   605     0765  00F7               	movwf	___awdiv@divisor+1
   606     0766  120A  118A  265F  120A  118A  	fcall	___awdiv
   607     076B  0876               	movf	?___awdiv,w
   608     076C  1283               	bcf	3,5	;RP0=0, select bank0
   609     076D  1303               	bcf	3,6	;RP1=0, select bank0
   610     076E  00A2               	movwf	main@d2
   611     076F  3007               	movlw	7
   612     0770  05A2               	andwf	main@d2,f
   613     0771                     l852:
   614                           
   615                           ;main.c: 47:             d1 = valor % 16;
   616     0771  0825               	movf	main@valor,w
   617     0772  00A3               	movwf	main@d1
   618     0773                     l854:
   619     0773  3007               	movlw	7
   620     0774  05A3               	andwf	main@d1,f
   621                           
   622                           ;main.c: 48:         }
   623     0775  2F90               	goto	l862
   624     0776                     l34:	
   625                           ;main.c: 49: 
   626                           
   627                           
   628                           ;main.c: 51: 
   629     0776  3010               	movlw	16
   630     0777  00A4               	movwf	main@d3
   631     0778                     l856:
   632                           
   633                           ;main.c: 52: 
   634     0778  3010               	movlw	16
   635     0779  00F6               	movwf	___awdiv@divisor
   636     077A  3000               	movlw	0
   637     077B  00F7               	movwf	___awdiv@divisor+1
   638     077C  0825               	movf	main@valor,w
   639     077D  00A0               	movwf	??_main
   640     077E  01A1               	clrf	??_main+1
   641     077F  0820               	movf	??_main,w
   642     0780  00F8               	movwf	___awdiv@dividend
   643     0781  0821               	movf	??_main+1,w
   644     0782  00F9               	movwf	___awdiv@dividend+1
   645     0783  120A  118A  265F  120A  118A  	fcall	___awdiv
   646     0788  0876               	movf	?___awdiv,w
   647     0789  1283               	bcf	3,5	;RP0=0, select bank0
   648     078A  1303               	bcf	3,6	;RP1=0, select bank0
   649     078B  00A2               	movwf	main@d2
   650     078C                     l858:
   651                           
   652                           ;main.c: 53:         PORTD = table[d1];
   653     078C  0825               	movf	main@valor,w
   654     078D  00A3               	movwf	main@d1
   655     078E                     l860:
   656     078E  300F               	movlw	15
   657     078F  05A3               	andwf	main@d1,f
   658     0790                     l862:
   659                           
   660                           ;main.c: 59:         PORTD = table[d2];
   661     0790  0823               	movf	main@d1,w
   662     0791  3E01               	addlw	low ((_table-__stringbase)| (0+32768))
   663     0792  0084               	movwf	4
   664     0793  120A  118A  2003  120A  118A  	fcall	stringdir
   665     0798  0088               	movwf	8	;volatile
   666     0799                     l864:
   667                           
   668                           ;main.c: 60:         PORTAbits.RA1 = 1;
   669     0799  1405               	bsf	5,0	;volatile
   670     079A                     l866:
   671                           
   672                           ;main.c: 61:         _delay((unsigned long)((5)*(4000000/4000.0)));
   673     079A  3007               	movlw	7
   674     079B  1283               	bcf	3,5	;RP0=0, select bank0
   675     079C  1303               	bcf	3,6	;RP1=0, select bank0
   676     079D  00A1               	movwf	??_main+1
   677     079E  307C               	movlw	124
   678     079F  00A0               	movwf	??_main
   679     07A0                     u587:
   680     07A0  0BA0               	decfsz	??_main,f
   681     07A1  2FA0               	goto	u587
   682     07A2  0BA1               	decfsz	??_main+1,f
   683     07A3  2FA0               	goto	u587
   684     07A4  0000               	nop
   685     07A5                     l868:
   686                           
   687                           ;main.c: 62:         PORTAbits.RA1 = 0;
   688     07A5  1283               	bcf	3,5	;RP0=0, select bank0
   689     07A6  1303               	bcf	3,6	;RP1=0, select bank0
   690     07A7  1005               	bcf	5,0	;volatile
   691     07A8                     l870:
   692                           
   693                           ;main.c: 65:         if(d3 < 10 || (modo == 1 && d3 < 8)) {
   694     07A8  0822               	movf	main@d2,w
   695     07A9  3E01               	addlw	low ((_table-__stringbase)| (0+32768))
   696     07AA  0084               	movwf	4
   697     07AB  120A  118A  2003  120A  118A  	fcall	stringdir
   698     07B0  0088               	movwf	8	;volatile
   699     07B1                     l872:
   700                           
   701                           ;main.c: 66:             PORTD = table[d3];
   702     07B1  1485               	bsf	5,1	;volatile
   703     07B2                     l874:
   704                           
   705                           ;main.c: 67:             PORTAbits.RA2 = 1;
   706     07B2  3007               	movlw	7
   707     07B3  1283               	bcf	3,5	;RP0=0, select bank0
   708     07B4  1303               	bcf	3,6	;RP1=0, select bank0
   709     07B5  00A1               	movwf	??_main+1
   710     07B6  307C               	movlw	124
   711     07B7  00A0               	movwf	??_main
   712     07B8                     u597:
   713     07B8  0BA0               	decfsz	??_main,f
   714     07B9  2FB8               	goto	u597
   715     07BA  0BA1               	decfsz	??_main+1,f
   716     07BB  2FB8               	goto	u597
   717     07BC  0000               	nop
   718     07BD                     l876:
   719                           
   720                           ;main.c: 68:             _delay((unsigned long)((5)*(4000000/4000.0)));
   721     07BD  1283               	bcf	3,5	;RP0=0, select bank0
   722     07BE  1303               	bcf	3,6	;RP1=0, select bank0
   723     07BF  1085               	bcf	5,1	;volatile
   724     07C0                     l878:
   725                           
   726                           ;main.c: 71: 
   727     07C0  300A               	movlw	10
   728     07C1  0224               	subwf	main@d3,w
   729     07C2  1C03               	skipc
   730     07C3  2FC5               	goto	u541
   731     07C4  2FC6               	goto	u540
   732     07C5                     u541:
   733     07C5  2FD1               	goto	l884
   734     07C6                     u540:
   735     07C6                     l880:
   736     07C6  0326               	decf	_modo,w
   737     07C7  1D03               	btfss	3,2
   738     07C8  2FCA               	goto	u551
   739     07C9  2FCB               	goto	u550
   740     07CA                     u551:
   741     07CA  2FEA               	goto	l892
   742     07CB                     u550:
   743     07CB                     l882:
   744     07CB  3008               	movlw	8
   745     07CC  0224               	subwf	main@d3,w
   746     07CD  1803               	skipnc
   747     07CE  2FD0               	goto	u561
   748     07CF  2FD1               	goto	u560
   749     07D0                     u561:
   750     07D0  2FEA               	goto	l892
   751     07D1                     u560:
   752     07D1                     l884:
   753                           
   754                           ;main.c: 72:             _delay((unsigned long)((5)*(4000000/4000.0)));
   755     07D1  0824               	movf	main@d3,w
   756     07D2  3E01               	addlw	low ((_table-__stringbase)| (0+32768))
   757     07D3  0084               	movwf	4
   758     07D4  120A  118A  2003  120A  118A  	fcall	stringdir
   759     07D9  0088               	movwf	8	;volatile
   760     07DA                     l886:
   761                           
   762                           ;main.c: 73:         }
   763     07DA  1505               	bsf	5,2	;volatile
   764     07DB                     l888:
   765                           
   766                           ;main.c: 74:     }
   767     07DB  3007               	movlw	7
   768     07DC  1283               	bcf	3,5	;RP0=0, select bank0
   769     07DD  1303               	bcf	3,6	;RP1=0, select bank0
   770     07DE  00A1               	movwf	??_main+1
   771     07DF  307C               	movlw	124
   772     07E0  00A0               	movwf	??_main
   773     07E1                     u607:
   774     07E1  0BA0               	decfsz	??_main,f
   775     07E2  2FE1               	goto	u607
   776     07E3  0BA1               	decfsz	??_main+1,f
   777     07E4  2FE1               	goto	u607
   778     07E5  0000               	nop
   779     07E6                     l890:
   780                           
   781                           ;main.c: 75: }
   782     07E6  1283               	bcf	3,5	;RP0=0, select bank0
   783     07E7  1303               	bcf	3,6	;RP1=0, select bank0
   784     07E8  1105               	bcf	5,2	;volatile
   785     07E9  2ECB               	goto	l826
   786     07EA                     l892:
   787     07EA  3007               	movlw	7
   788     07EB  1283               	bcf	3,5	;RP0=0, select bank0
   789     07EC  1303               	bcf	3,6	;RP1=0, select bank0
   790     07ED  00A1               	movwf	??_main+1
   791     07EE  307C               	movlw	124
   792     07EF  00A0               	movwf	??_main
   793     07F0                     u617:
   794     07F0  0BA0               	decfsz	??_main,f
   795     07F1  2FF0               	goto	u617
   796     07F2  0BA1               	decfsz	??_main+1,f
   797     07F3  2FF0               	goto	u617
   798     07F4  0000               	nop
   799     07F5  2ECB               	goto	l826
   800     07F6  120A  118A  2800   	ljmp	start
   801     07F9                     __end_of_main:
   802                           
   803                           	psect	text1
   804     0608                     __ptext1:	
   805 ;; *************** function ___awmod *****************
   806 ;; Defined at:
   807 ;;		line 5 in file "C:\Program Files\Microchip\xc8\v3.10\pic\sources\c99\common\awmod.c"
   808 ;; Parameters:    Size  Location     Type
   809 ;;  divisor         2    0[COMMON] int 
   810 ;;  dividend        2    2[COMMON] int 
   811 ;; Auto vars:     Size  Location     Type
   812 ;;  sign            1    5[COMMON] unsigned char 
   813 ;;  counter         1    4[COMMON] unsigned char 
   814 ;; Return value:  Size  Location     Type
   815 ;;                  2    0[COMMON] int 
   816 ;; Registers used:
   817 ;;		wreg, status,2, status,0
   818 ;; Tracked objects:
   819 ;;		On entry : 0/0
   820 ;;		On exit  : 0/0
   821 ;;		Unchanged: 0/0
   822 ;; Data sizes:     COMMON   BANK0   BANK1   BANK3   BANK2
   823 ;;      Params:         4       0       0       0       0
   824 ;;      Locals:         2       0       0       0       0
   825 ;;      Temps:          0       0       0       0       0
   826 ;;      Totals:         6       0       0       0       0
   827 ;;Total ram usage:        6 bytes
   828 ;; Hardware stack levels used: 1
   829 ;; This function calls:
   830 ;;		Nothing
   831 ;; This function is called by:
   832 ;;		_main
   833 ;; This function uses a non-reentrant model
   834 ;;
   835                           
   836     0608                     ___awmod:	
   837                           ;psect for function ___awmod
   838                           
   839     0608                     l784:	
   840                           ;incstack = 0
   841                           ; Regs used in ___awmod: [wreg+status,2+status,0]
   842                           
   843     0608  01F5               	clrf	___awmod@sign
   844     0609                     l786:
   845     0609  1FF3               	btfss	___awmod@dividend+1,7
   846     060A  2E0C               	goto	u391
   847     060B  2E0D               	goto	u390
   848     060C                     u391:
   849     060C  2E14               	goto	l792
   850     060D                     u390:
   851     060D                     l788:
   852     060D  09F2               	comf	___awmod@dividend,f
   853     060E  09F3               	comf	___awmod@dividend+1,f
   854     060F  0AF2               	incf	___awmod@dividend,f
   855     0610  1903               	skipnz
   856     0611  0AF3               	incf	___awmod@dividend+1,f
   857     0612                     l790:
   858     0612  3001               	movlw	1
   859     0613  00F5               	movwf	___awmod@sign
   860     0614                     l792:
   861     0614  1FF1               	btfss	___awmod@divisor+1,7
   862     0615  2E17               	goto	u401
   863     0616  2E18               	goto	u400
   864     0617                     u401:
   865     0617  2E1D               	goto	l796
   866     0618                     u400:
   867     0618                     l794:
   868     0618  09F0               	comf	___awmod@divisor,f
   869     0619  09F1               	comf	___awmod@divisor+1,f
   870     061A  0AF0               	incf	___awmod@divisor,f
   871     061B  1903               	skipnz
   872     061C  0AF1               	incf	___awmod@divisor+1,f
   873     061D                     l796:
   874     061D  0870               	movf	___awmod@divisor,w
   875     061E  0471               	iorwf	___awmod@divisor+1,w
   876     061F  1903               	btfsc	3,2
   877     0620  2E22               	goto	u411
   878     0621  2E23               	goto	u410
   879     0622                     u411:
   880     0622  2E50               	goto	l814
   881     0623                     u410:
   882     0623                     l798:
   883     0623  3001               	movlw	1
   884     0624  00F4               	movwf	___awmod@counter
   885     0625  2E2F               	goto	l804
   886     0626                     l800:
   887     0626  3001               	movlw	1
   888     0627                     u425:
   889     0627  1003               	clrc
   890     0628  0DF0               	rlf	___awmod@divisor,f
   891     0629  0DF1               	rlf	___awmod@divisor+1,f
   892     062A  3EFF               	addlw	-1
   893     062B  1D03               	skipz
   894     062C  2E27               	goto	u425
   895     062D                     l802:
   896     062D  3001               	movlw	1
   897     062E  07F4               	addwf	___awmod@counter,f
   898     062F                     l804:
   899     062F  1FF1               	btfss	___awmod@divisor+1,7
   900     0630  2E32               	goto	u431
   901     0631  2E33               	goto	u430
   902     0632                     u431:
   903     0632  2E26               	goto	l800
   904     0633                     u430:
   905     0633                     l806:
   906     0633  0871               	movf	___awmod@divisor+1,w
   907     0634  0273               	subwf	___awmod@dividend+1,w
   908     0635  1D03               	skipz
   909     0636  2E39               	goto	u445
   910     0637  0870               	movf	___awmod@divisor,w
   911     0638  0272               	subwf	___awmod@dividend,w
   912     0639                     u445:
   913     0639  1C03               	skipc
   914     063A  2E3C               	goto	u441
   915     063B  2E3D               	goto	u440
   916     063C                     u441:
   917     063C  2E43               	goto	l810
   918     063D                     u440:
   919     063D                     l808:
   920     063D  0870               	movf	___awmod@divisor,w
   921     063E  02F2               	subwf	___awmod@dividend,f
   922     063F  0871               	movf	___awmod@divisor+1,w
   923     0640  1C03               	skipc
   924     0641  03F3               	decf	___awmod@dividend+1,f
   925     0642  02F3               	subwf	___awmod@dividend+1,f
   926     0643                     l810:
   927     0643  3001               	movlw	1
   928     0644                     u455:
   929     0644  1003               	clrc
   930     0645  0CF1               	rrf	___awmod@divisor+1,f
   931     0646  0CF0               	rrf	___awmod@divisor,f
   932     0647  3EFF               	addlw	-1
   933     0648  1D03               	skipz
   934     0649  2E44               	goto	u455
   935     064A                     l812:
   936     064A  3001               	movlw	1
   937     064B  02F4               	subwf	___awmod@counter,f
   938     064C  1D03               	btfss	3,2
   939     064D  2E4F               	goto	u461
   940     064E  2E50               	goto	u460
   941     064F                     u461:
   942     064F  2E33               	goto	l806
   943     0650                     u460:
   944     0650                     l814:
   945     0650  0875               	movf	___awmod@sign,w
   946     0651  1903               	btfsc	3,2
   947     0652  2E54               	goto	u471
   948     0653  2E55               	goto	u470
   949     0654                     u471:
   950     0654  2E5A               	goto	l818
   951     0655                     u470:
   952     0655                     l816:
   953     0655  09F2               	comf	___awmod@dividend,f
   954     0656  09F3               	comf	___awmod@dividend+1,f
   955     0657  0AF2               	incf	___awmod@dividend,f
   956     0658  1903               	skipnz
   957     0659  0AF3               	incf	___awmod@dividend+1,f
   958     065A                     l818:
   959     065A  0873               	movf	___awmod@dividend+1,w
   960     065B  00F1               	movwf	?___awmod+1
   961     065C  0872               	movf	___awmod@dividend,w
   962     065D  00F0               	movwf	?___awmod
   963     065E                     l294:
   964     065E  0008               	return
   965     065F                     __end_of___awmod:
   966                           
   967                           	psect	text2
   968     065F                     __ptext2:	
   969 ;; *************** function ___awdiv *****************
   970 ;; Defined at:
   971 ;;		line 5 in file "C:\Program Files\Microchip\xc8\v3.10\pic\sources\c99\common\awdiv.c"
   972 ;; Parameters:    Size  Location     Type
   973 ;;  divisor         2    6[COMMON] int 
   974 ;;  dividend        2    8[COMMON] int 
   975 ;; Auto vars:     Size  Location     Type
   976 ;;  quotient        2   12[COMMON] int 
   977 ;;  sign            1   11[COMMON] unsigned char 
   978 ;;  counter         1   10[COMMON] unsigned char 
   979 ;; Return value:  Size  Location     Type
   980 ;;                  2    6[COMMON] int 
   981 ;; Registers used:
   982 ;;		wreg, status,2, status,0
   983 ;; Tracked objects:
   984 ;;		On entry : 0/0
   985 ;;		On exit  : 0/0
   986 ;;		Unchanged: 0/0
   987 ;; Data sizes:     COMMON   BANK0   BANK1   BANK3   BANK2
   988 ;;      Params:         4       0       0       0       0
   989 ;;      Locals:         4       0       0       0       0
   990 ;;      Temps:          0       0       0       0       0
   991 ;;      Totals:         8       0       0       0       0
   992 ;;Total ram usage:        8 bytes
   993 ;; Hardware stack levels used: 1
   994 ;; This function calls:
   995 ;;		Nothing
   996 ;; This function is called by:
   997 ;;		_main
   998 ;; This function uses a non-reentrant model
   999 ;;
  1000                           
  1001     065F                     ___awdiv:	
  1002                           ;psect for function ___awdiv
  1003                           
  1004     065F                     l740:	
  1005                           ;incstack = 0
  1006                           ; Regs used in ___awdiv: [wreg+status,2+status,0]
  1007                           
  1008     065F  01FB               	clrf	___awdiv@sign
  1009     0660                     l742:
  1010     0660  1FF7               	btfss	___awdiv@divisor+1,7
  1011     0661  2E63               	goto	u291
  1012     0662  2E64               	goto	u290
  1013     0663                     u291:
  1014     0663  2E6B               	goto	l748
  1015     0664                     u290:
  1016     0664                     l744:
  1017     0664  09F6               	comf	___awdiv@divisor,f
  1018     0665  09F7               	comf	___awdiv@divisor+1,f
  1019     0666  0AF6               	incf	___awdiv@divisor,f
  1020     0667  1903               	skipnz
  1021     0668  0AF7               	incf	___awdiv@divisor+1,f
  1022     0669                     l746:
  1023     0669  3001               	movlw	1
  1024     066A  00FB               	movwf	___awdiv@sign
  1025     066B                     l748:
  1026     066B  1FF9               	btfss	___awdiv@dividend+1,7
  1027     066C  2E6E               	goto	u301
  1028     066D  2E6F               	goto	u300
  1029     066E                     u301:
  1030     066E  2E76               	goto	l754
  1031     066F                     u300:
  1032     066F                     l750:
  1033     066F  09F8               	comf	___awdiv@dividend,f
  1034     0670  09F9               	comf	___awdiv@dividend+1,f
  1035     0671  0AF8               	incf	___awdiv@dividend,f
  1036     0672  1903               	skipnz
  1037     0673  0AF9               	incf	___awdiv@dividend+1,f
  1038     0674                     l752:
  1039     0674  3001               	movlw	1
  1040     0675  06FB               	xorwf	___awdiv@sign,f
  1041     0676                     l754:
  1042     0676  01FC               	clrf	___awdiv@quotient
  1043     0677  01FD               	clrf	___awdiv@quotient+1
  1044     0678                     l756:
  1045     0678  0876               	movf	___awdiv@divisor,w
  1046     0679  0477               	iorwf	___awdiv@divisor+1,w
  1047     067A  1903               	btfsc	3,2
  1048     067B  2E7D               	goto	u311
  1049     067C  2E7E               	goto	u310
  1050     067D                     u311:
  1051     067D  2EB3               	goto	l776
  1052     067E                     u310:
  1053     067E                     l758:
  1054     067E  3001               	movlw	1
  1055     067F  00FA               	movwf	___awdiv@counter
  1056     0680  2E8A               	goto	l764
  1057     0681                     l760:
  1058     0681  3001               	movlw	1
  1059     0682                     u325:
  1060     0682  1003               	clrc
  1061     0683  0DF6               	rlf	___awdiv@divisor,f
  1062     0684  0DF7               	rlf	___awdiv@divisor+1,f
  1063     0685  3EFF               	addlw	-1
  1064     0686  1D03               	skipz
  1065     0687  2E82               	goto	u325
  1066     0688                     l762:
  1067     0688  3001               	movlw	1
  1068     0689  07FA               	addwf	___awdiv@counter,f
  1069     068A                     l764:
  1070     068A  1FF7               	btfss	___awdiv@divisor+1,7
  1071     068B  2E8D               	goto	u331
  1072     068C  2E8E               	goto	u330
  1073     068D                     u331:
  1074     068D  2E81               	goto	l760
  1075     068E                     u330:
  1076     068E                     l766:
  1077     068E  3001               	movlw	1
  1078     068F                     u345:
  1079     068F  1003               	clrc
  1080     0690  0DFC               	rlf	___awdiv@quotient,f
  1081     0691  0DFD               	rlf	___awdiv@quotient+1,f
  1082     0692  3EFF               	addlw	-1
  1083     0693  1D03               	skipz
  1084     0694  2E8F               	goto	u345
  1085     0695  0877               	movf	___awdiv@divisor+1,w
  1086     0696  0279               	subwf	___awdiv@dividend+1,w
  1087     0697  1D03               	skipz
  1088     0698  2E9B               	goto	u355
  1089     0699  0876               	movf	___awdiv@divisor,w
  1090     069A  0278               	subwf	___awdiv@dividend,w
  1091     069B                     u355:
  1092     069B  1C03               	skipc
  1093     069C  2E9E               	goto	u351
  1094     069D  2E9F               	goto	u350
  1095     069E                     u351:
  1096     069E  2EA6               	goto	l772
  1097     069F                     u350:
  1098     069F                     l768:
  1099     069F  0876               	movf	___awdiv@divisor,w
  1100     06A0  02F8               	subwf	___awdiv@dividend,f
  1101     06A1  0877               	movf	___awdiv@divisor+1,w
  1102     06A2  1C03               	skipc
  1103     06A3  03F9               	decf	___awdiv@dividend+1,f
  1104     06A4  02F9               	subwf	___awdiv@dividend+1,f
  1105     06A5                     l770:
  1106     06A5  147C               	bsf	___awdiv@quotient,0
  1107     06A6                     l772:
  1108     06A6  3001               	movlw	1
  1109     06A7                     u365:
  1110     06A7  1003               	clrc
  1111     06A8  0CF7               	rrf	___awdiv@divisor+1,f
  1112     06A9  0CF6               	rrf	___awdiv@divisor,f
  1113     06AA  3EFF               	addlw	-1
  1114     06AB  1D03               	skipz
  1115     06AC  2EA7               	goto	u365
  1116     06AD                     l774:
  1117     06AD  3001               	movlw	1
  1118     06AE  02FA               	subwf	___awdiv@counter,f
  1119     06AF  1D03               	btfss	3,2
  1120     06B0  2EB2               	goto	u371
  1121     06B1  2EB3               	goto	u370
  1122     06B2                     u371:
  1123     06B2  2E8E               	goto	l766
  1124     06B3                     u370:
  1125     06B3                     l776:
  1126     06B3  087B               	movf	___awdiv@sign,w
  1127     06B4  1903               	btfsc	3,2
  1128     06B5  2EB7               	goto	u381
  1129     06B6  2EB8               	goto	u380
  1130     06B7                     u381:
  1131     06B7  2EBD               	goto	l780
  1132     06B8                     u380:
  1133     06B8                     l778:
  1134     06B8  09FC               	comf	___awdiv@quotient,f
  1135     06B9  09FD               	comf	___awdiv@quotient+1,f
  1136     06BA  0AFC               	incf	___awdiv@quotient,f
  1137     06BB  1903               	skipnz
  1138     06BC  0AFD               	incf	___awdiv@quotient+1,f
  1139     06BD                     l780:
  1140     06BD  087D               	movf	___awdiv@quotient+1,w
  1141     06BE  00F7               	movwf	?___awdiv+1
  1142     06BF  087C               	movf	___awdiv@quotient,w
  1143     06C0  00F6               	movwf	?___awdiv
  1144     06C1                     l281:
  1145     06C1  0008               	return
  1146     06C2                     __end_of___awdiv:
  1147     0002                     ___latbits      equ	2
  1148     007E                     btemp           set	126	;btemp
  1149     007E                     btemp0          set	126
  1150     007F                     btemp1          set	127
  1151     007E                     wtemp0          set	126
  1152     007F                     wtemp0a         set	127
  1153     007F                     ttemp0a         set	127
  1154     0080                     ltemp0a         set	128
  1155                           
  1156                           	psect	config
  1157                           
  1158                           ;Config register CONFIG1 @ 0x2007
  1159                           ;	Oscillator Selection bits
  1160                           ;	FOSC = XT, XT oscillator: Crystal/resonator on RA6/OSC2/CLKOUT and RA7/OSC1/CLKIN
  1161                           ;	Watchdog Timer Enable bit
  1162                           ;	WDTE = OFF, WDT disabled and can be enabled by SWDTEN bit of the WDTCON register
  1163                           ;	Power-up Timer Enable bit
  1164                           ;	PWRTE = 0x1, unprogrammed default
  1165                           ;	RE3/MCLR pin function select bit
  1166                           ;	MCLRE = 0x1, unprogrammed default
  1167                           ;	Code Protection bit
  1168                           ;	CP = 0x1, unprogrammed default
  1169                           ;	Data Code Protection bit
  1170                           ;	CPD = 0x1, unprogrammed default
  1171                           ;	Brown Out Reset Selection bits
  1172                           ;	BOREN = 0x3, unprogrammed default
  1173                           ;	Internal External Switchover bit
  1174                           ;	IESO = 0x1, unprogrammed default
  1175                           ;	Fail-Safe Clock Monitor Enabled bit
  1176                           ;	FCMEN = 0x1, unprogrammed default
  1177                           ;	Low Voltage Programming Enable bit
  1178                           ;	LVP = OFF, RB3 pin has digital I/O, HV on MCLR must be used for programming
  1179                           ;	In-Circuit Debugger Mode bit
  1180                           ;	DEBUG = 0x1, unprogrammed default
  1181     2007                     	org	8199
  1182     2007  2FF1               	dw	12273

Data Sizes:
    Strings     0
    Constant    16
    Data        0
    BSS         1
    Persistent  0
    Stack       0

Auto Spaces:
    Space          Size  Autos    Used
    COMMON           14     14      14
    BANK0            80      6       7
    BANK1            80      0       0
    BANK3            96      0       0
    BANK2            96      0       0

Pointer List with Targets:

    None.

Critical Paths under _main in COMMON

    _main->___awdiv
    ___awdiv->___awmod

Critical Paths under _main in BANK0

    None.

Critical Paths under _main in BANK1

    None.

Critical Paths under _main in BANK3

    None.

Critical Paths under _main in BANK2

    None.

Call Graph Tables:

 ---------------------------------------------------------------------------------
 (Depth) Function   	        Calls       Base Space   Used Autos Params    Refs
 ---------------------------------------------------------------------------------
 (0) _main                                                 6     6      0     910
                                              0 BANK0      6     6      0
                            ___awdiv
                            ___awmod
 ---------------------------------------------------------------------------------
 (1) ___awmod                                              6     2      4     300
                                              0 COMMON     6     2      4
 ---------------------------------------------------------------------------------
 (1) ___awdiv                                              8     4      4     310
                                              6 COMMON     8     4      4
                            ___awmod (ARG)
 ---------------------------------------------------------------------------------
 Estimated maximum stack depth 1
 ---------------------------------------------------------------------------------

 Call Graph Graphs:

 _main (ROOT)
   ___awdiv
     ___awmod (ARG)
   ___awmod

Address spaces:
Name               Size   Autos  Total    Usage
BITCOMMON           14      0       0      0.0%
BITBANK0            80      0       0      0.0%
BITBANK1            80      0       0      0.0%
BITBANK3            96      0       0      0.0%
BITBANK2            96      0       0      0.0%
COMMON              14     14      14    100.0%
BANK0               80      6       7      8.8%
BANK1               80      0       0      0.0%
BANK3               96      0       0      0.0%
BANK2               96      0       0      0.0%
STACK                0      0       0      0.0%
DATA                 0      0      21      0.0%


Microchip Technology PIC Macro Assembler V3.10 build 20250813170317 
Symbol Table                                                                                   Wed Mar  4 17:38:37 2026

                      pc 0002                       l34 0776                       l29 06EB  
           ___awdiv@sign 007B                       fsr 0004                      l281 06C1  
                    l294 065E                      l800 0626                      l810 0643  
                    l802 062D                      l740 065F                      l812 064A  
                    l804 062F                      l750 066F                      l742 0660  
                    l806 0633                      l814 0650                      l830 06DC  
                    l822 06C2                      l760 0681                      l752 0674  
                    l744 0664                      l816 0655                      l808 063D  
                    l840 06F1                      l832 06E2                      l824 06CA  
                    l770 06A5                      l762 0688                      l754 0676  
                    l746 0669                      l818 065A                      l850 075B  
                    l842 06F6                      l834 06E4                      l826 06CB  
                    l780 06BD                      l772 06A6                      l764 068A  
                    l756 0678                      l748 066B                      l860 078E  
                    l852 0771                      l844 0740                      l836 06EA  
                    l828 06D1                      l774 06AD                      l766 068E  
                    l758 067E                      l790 0612                      l870 07A8  
                    l854 0773                      l846 0745                      l862 0790  
                    l838 06EF                      l768 069F                      l776 06B3  
                    l792 0614                      l784 0608                      l880 07C6  
                    l872 07B1                      l864 0799                      l856 0778  
                    l848 0759                      l778 06B8                      l794 0618  
                    l786 0609                      l890 07E6                      l882 07CB  
                    l874 07B2                      l866 079A                      l858 078C  
                    l796 061D                      l788 060D                      l892 07EA  
                    l884 07D1                      l876 07BD                      l868 07A5  
                    l798 0623                      l886 07DA                      l878 07C0  
                    l888 07DB                      u300 066F                      u301 066E  
                    u310 067E                      u311 067D                      u400 0618  
                    u401 0617                      u330 068E                      u410 0623  
                    u331 068D                      u411 0622                      u500 06EA  
                    u325 0682                      u501 06E9                      u350 069F  
                    u430 0633                      u510 06EF                      u351 069E  
                    u431 0632                      u511 06EE                      u440 063D  
                    u520 06F6                      u345 068F                      u441 063C  
                    u425 0627                      u521 06F5                      u370 06B3  
                    u290 0664                      u530 0745                      u371 06B2  
                    u355 069B                      u291 0663                      u531 0744  
                    u380 06B8                      u460 0650                      u540 07C6  
                    u381 06B7                      u365 06A7                      u461 064F  
                    u445 0639                      u541 07C5                      u470 0655  
                    u390 060D                      u550 07CB                      u471 0654  
                    u455 0644                      u391 060C                      u607 07E1  
                    u551 07CA                      u560 07D1                      u480 06D1  
                    u617 07F0                      u561 07D0                      u481 06D0  
                    u490 06E2                      u491 06E1                      u577 06D7  
                    u587 07A0                      u597 07B8                      fsr0 0004  
           ___awmod@sign 0075                     _main 06C2                     _modo 0026  
                   btemp 007E                     start 0000                    ?_main 0070  
        __end_of___awdiv 06C2          __end_of___awmod 065F          ___awdiv@divisor 0076  
        ___awdiv@counter 007A                    _PORTB 0006                    _PORTD 0008  
                  _TRISA 0085                    _TRISB 0086                    _TRISD 0088  
                  _table 0009                    btemp0 007E                    btemp1 007F  
                  pclath 000A                    status 0003                    wtemp0 007E  
        __initialization 07F9             __end_of_main 07F9                   ??_main 0020  
                 _ADCON1 009F         ___awdiv@dividend 0078                ??___awdiv 007A  
              ??___awmod 0074         ___awdiv@quotient 007C          ___awmod@divisor 0070  
        ___awmod@counter 0074                   main@d1 0023                   main@d2 0022  
                 main@d3 0024                   ltemp0a 0080                   ttemp0a 007F  
                 wtemp0a 007F  __end_of__initialization 07FC           __pcstackCOMMON 0070  
          __end_of_table 0019               __pbssBANK0 0026               __pmaintext 06C2  
             __stringtab 0003                  ___awdiv 065F                  ___awmod 0608  
                __ptext1 0608                  __ptext2 065F         ___awmod@dividend 0072  
   end_of_initialization 07FC                _PORTAbits 0005      start_initialization 07F9  
              ___latbits 0002            __pcstackBANK0 0020                 ?___awdiv 0076  
               ?___awmod 0070                __pstrings 0003              __stringbase 0008  
              main@valor 0025       __end_of__stringtab 0009                stringcode 0003  
               stringdir 0003                 stringtab 0003  
